No files changed, compilation skipped
Script ran successfully.
Gas used: 519778458

== Logs ==
  ===== all 8-bit numbers =====
  total gas used = 174251 / 256
  minimum = 74, 679, ...
  quartiles = ..., 679.0, ..., 687.0, ..., 687.0, ...
  average = 680.6 ± 38.2
  maximum = ..., 687, 687
  
  ===== all 16-bit numbers =====
  total gas used = 44760459 / 65536
  minimum = 74, 679, ...
  quartiles = ..., 679.0, ..., 679.0, ..., 687.0, ...
  average = 682.9 ± 4.6
  maximum = ..., 687, 687
  
  ===== all powers of two =====
  total gas used = 175312 / 256
  minimum = 679, 679, ...
  quartiles = ..., 679.0, ..., 687.0, ..., 687.0, ...
  average = 684.8 ± 3.5
  maximum = ..., 687, 687
  
  ===== almost powers of two =====
  total gas used = 174163 / 256
  minimum = 74, 679, ...
  quartiles = ..., 679.0, ..., 679.0, ..., 687.0, ...
  average = 680.3 ± 38.1
  maximum = ..., 687, 687
  
  ===== randomized values =====
  total gas used = 179047168 / 262144
  minimum = 679, 679, ...
  quartiles = ..., 679.0, ..., 687.0, ..., 687.0, ...
  average = 683.0 ± 3.9
  maximum = ..., 687, 687
  
  ===== uint16 * 1e18 =====
  total gas used = 44761209 / 65535
  minimum = 679, 679, ...
  quartiles = ..., 679.0, ..., 687.0, ..., 687.0, ...
  average = 683.0 ± 3.9
  maximum = ..., 687, 687
  
  ===== uint16 * 1e18 * 1e18 =====
  total gas used = 44760809 / 65535
  minimum = 679, 679, ...
  quartiles = ..., 679.0, ..., 687.0, ..., 687.0, ...
  average = 683.0 ± 3.9
  maximum = ..., 687, 687
  
