Abs_Unit_Test:test_Abs() (gas: 561079)
Abs_Unit_Test:test_Abs_Negative() (gas: 561857)
Abs_Unit_Test:test_Abs_Zero() (gas: 3614)
Abs_Unit_Test:test_RevertWhen_MinSD59x18() (gas: 3471)
Avg_Unit_Test:test_Avg_BothOperandsEven() (gas: 435866)
Avg_Unit_Test:test_Avg_BothOperandsNegative() (gas: 504854)
Avg_Unit_Test:test_Avg_BothOperandsOdd() (gas: 512896)
Avg_Unit_Test:test_Avg_BothOperandsZero() (gas: 3641)
Avg_Unit_Test:test_Avg_BothOperandsZero() (gas: 3671)
Avg_Unit_Test:test_Avg_NeitherOperandZero_BothOperandsEven() (gas: 435595)
Avg_Unit_Test:test_Avg_NeitherOperandZero_BothOperandsOdd() (gas: 504491)
Avg_Unit_Test:test_Avg_NeitherOperandZero_OneOperandEvenTheOtherOdd() (gas: 504513)
Avg_Unit_Test:test_Avg_OneOperandEvenTheOtherOdd() (gas: 504835)
Avg_Unit_Test:test_Avg_OneOperandNegativeTheOtherPositive() (gas: 494210)
Avg_Unit_Test:test_Avg_OnlyOneOperandZero() (gas: 169297)
Avg_Unit_Test:test_Avg_OnlyOneOperandZero() (gas: 267445)
CastingUint128_Test:testFuzz_RevertWhen_OverflowSD1x18(uint128) (runs: 256, μ: 4477, ~: 4723)
CastingUint128_Test:testFuzz_RevertWhen_OverflowUD2x18(uint128) (runs: 256, μ: 4473, ~: 4711)
CastingUint128_Test:testFuzz_intoSD1x18(uint128) (runs: 256, μ: 4191, ~: 3974)
CastingUint128_Test:testFuzz_intoSD21x18(uint128) (runs: 256, μ: 3994, ~: 3952)
CastingUint128_Test:testFuzz_intoSD59x18(uint128) (runs: 256, μ: 3630, ~: 3630)
CastingUint128_Test:testFuzz_intoUD21x18(uint128) (runs: 256, μ: 3685, ~: 3685)
CastingUint128_Test:testFuzz_intoUD2x18(uint128) (runs: 256, μ: 4137, ~: 3927)
CastingUint128_Test:testFuzz_intoUD60x18(uint128) (runs: 256, μ: 3652, ~: 3652)
CastingUint256_Test:testFuzz_RevertWhen_OverflowSD1x18(uint256) (runs: 256, μ: 4301, ~: 4626)
CastingUint256_Test:testFuzz_RevertWhen_OverflowSD59x18(uint256) (runs: 256, μ: 4591, ~: 4628)
CastingUint256_Test:testFuzz_RevertWhen_OverflowUD2x18(uint256) (runs: 256, μ: 4283, ~: 4606)
CastingUint256_Test:testFuzz_intoSD1x18(uint256) (runs: 256, μ: 4123, ~: 3816)
CastingUint256_Test:testFuzz_intoSD21x18(uint256) (runs: 256, μ: 4082, ~: 3861)
CastingUint256_Test:testFuzz_intoSD59x18(uint256) (runs: 256, μ: 3865, ~: 3844)
CastingUint256_Test:testFuzz_intoUD21x18(uint256) (runs: 256, μ: 4027, ~: 3813)
CastingUint256_Test:testFuzz_intoUD2x18(uint256) (runs: 256, μ: 4117, ~: 3813)
CastingUint256_Test:testFuzz_intoUD60x18(uint256) (runs: 256, μ: 3591, ~: 3591)
CastingUint40_Test:testFuzz_intoSD1x18(uint40) (runs: 256, μ: 3689, ~: 3689)
CastingUint40_Test:testFuzz_intoSD21x18(uint40) (runs: 256, μ: 3646, ~: 3646)
CastingUint40_Test:testFuzz_intoSD59x18(uint40) (runs: 256, μ: 3652, ~: 3652)
CastingUint40_Test:testFuzz_intoUD21x18(uint40) (runs: 256, μ: 3641, ~: 3641)
CastingUint40_Test:testFuzz_intoUD2x18(uint40) (runs: 256, μ: 3619, ~: 3619)
CastingUint40_Test:testFuzz_intoUD60x18(uint40) (runs: 256, μ: 3674, ~: 3674)
Casting_Fuzz_Test:testFuzz_IntoSD59x18(int128) (runs: 256, μ: 3731, ~: 3731)
Casting_Fuzz_Test:testFuzz_IntoSD59x18(int64) (runs: 256, μ: 3688, ~: 3688)
Casting_Fuzz_Test:testFuzz_IntoUD60x18(int128) (runs: 256, μ: 5071, ~: 5336)
Casting_Fuzz_Test:testFuzz_IntoUD60x18(int64) (runs: 256, μ: 5080, ~: 5346)
Casting_Fuzz_Test:testFuzz_IntoUint128(int128) (runs: 256, μ: 5064, ~: 5329)
Casting_Fuzz_Test:testFuzz_IntoUint128(int64) (runs: 256, μ: 5119, ~: 5385)
Casting_Fuzz_Test:testFuzz_IntoUint256(int128) (runs: 256, μ: 5065, ~: 5330)
Casting_Fuzz_Test:testFuzz_IntoUint256(int64) (runs: 256, μ: 5108, ~: 5374)
Casting_Fuzz_Test:testFuzz_IntoUint40(int128) (runs: 256, μ: 5251, ~: 5354)
Casting_Fuzz_Test:testFuzz_IntoUint40(int64) (runs: 256, μ: 5201, ~: 5365)
Casting_Fuzz_Test:testFuzz_RevertWhen_OverflowUint40(int128) (runs: 256, μ: 5339, ~: 5532)
Casting_Fuzz_Test:testFuzz_RevertWhen_OverflowUint40(int64) (runs: 256, μ: 5438, ~: 5569)
Casting_Fuzz_Test:testFuzz_RevertWhen_UnderflowUD60x18(int128) (runs: 256, μ: 5158, ~: 4950)
Casting_Fuzz_Test:testFuzz_RevertWhen_UnderflowUD60x18(int64) (runs: 256, μ: 5114, ~: 4906)
Casting_Fuzz_Test:testFuzz_RevertWhen_UnderflowUint128(int128) (runs: 256, μ: 5159, ~: 4951)
Casting_Fuzz_Test:testFuzz_RevertWhen_UnderflowUint128(int64) (runs: 256, μ: 5137, ~: 4929)
Casting_Fuzz_Test:testFuzz_RevertWhen_UnderflowUint256(int128) (runs: 256, μ: 5115, ~: 4907)
Casting_Fuzz_Test:testFuzz_RevertWhen_UnderflowUint256(int64) (runs: 256, μ: 5127, ~: 4919)
Casting_Fuzz_Test:testFuzz_RevertWhen_UnderflowUint40(int128) (runs: 256, μ: 5096, ~: 4888)
Casting_Fuzz_Test:testFuzz_RevertWhen_UnderflowUint40(int64) (runs: 256, μ: 5106, ~: 4898)
Casting_Fuzz_Test:testFuzz_Unwrap(int128) (runs: 256, μ: 3653, ~: 3653)
Casting_Fuzz_Test:testFuzz_Unwrap(int64) (runs: 256, μ: 3675, ~: 3675)
Casting_Fuzz_Test:testFuzz_Wrap(int128) (runs: 256, μ: 3715, ~: 3715)
Casting_Fuzz_Test:testFuzz_Wrap(int64) (runs: 256, μ: 3693, ~: 3693)
Casting_Fuzz_Test:testFuzz_sd1x18(int64) (runs: 256, μ: 3671, ~: 3671)
Casting_Fuzz_Test:testFuzz_sd21x18(int128) (runs: 256, μ: 3694, ~: 3694)
CeilTest:test_Ceil() (gas: 512140)
CeilTest:test_Ceil_Zero() (gas: 3613)
CeilTest:test_RevertWhen_GtMaxPermitted() (gas: 3747)
Ceil_Unit_Test:test_Ceil_Negative() (gas: 502275)
Ceil_Unit_Test:test_Ceil_Positive() (gas: 512962)
Ceil_Unit_Test:test_Ceil_Zero() (gas: 3688)
Ceil_Unit_Test:test_RevertWhen_GtMaxPermitted() (gas: 3764)
ConvertFrom_Unit_Test:test_ConvertFrom() (gas: 1099854)
ConvertFrom_Unit_Test:test_ConvertFrom() (gas: 609631)
ConvertFrom_Unit_Test:test_ConvertFrom_LtAbsoluteUnit() (gas: 176438)
ConvertFrom_Unit_Test:test_ConvertFrom_LtUnit() (gas: 118366)
ConvertTo_Unit_Test:test_ConvertTo() (gas: 463373)
ConvertTo_Unit_Test:test_ConvertTo() (gas: 907035)
ConvertTo_Unit_Test:test_RevertWhen_GtMaxPermitted() (gas: 3719)
ConvertTo_Unit_Test:test_RevertWhen_GtMaxPermitted() (gas: 3961)
ConvertTo_Unit_Test:test_RevertWhen_LtMinPermitted() (gas: 3818)
Div_Unit_Test:test_Div() (gas: 1177360)
Div_Unit_Test:test_Div_NumeratorDenominatorDifferentSign() (gas: 2279233)
Div_Unit_Test:test_Div_NumeratorDenominatorSameSign() (gas: 2278309)
Div_Unit_Test:test_Div_NumeratorZero() (gas: 173701)
Div_Unit_Test:test_Div_NumeratorZero() (gas: 299752)
Div_Unit_Test:test_RevertWhen_DenominatorMinSD59x18_Function() (gas: 3189)
Div_Unit_Test:test_RevertWhen_DenominatorMinSD59x18_Operator() (gas: 3166)
Div_Unit_Test:test_RevertWhen_DenominatorZero_Function() (gas: 3674)
Div_Unit_Test:test_RevertWhen_DenominatorZero_Function() (gas: 3843)
Div_Unit_Test:test_RevertWhen_DenominatorZero_Operator() (gas: 3696)
Div_Unit_Test:test_RevertWhen_DenominatorZero_Operator() (gas: 3887)
Div_Unit_Test:test_RevertWhen_NumeratorMinSD59x18_Function() (gas: 3488)
Div_Unit_Test:test_RevertWhen_NumeratorMinSD59x18_Operator() (gas: 3510)
Div_Unit_Test:test_RevertWhen_ResultOverflowSD59x18_Function() (gas: 4219)
Div_Unit_Test:test_RevertWhen_ResultOverflowSD59x18_Operator() (gas: 4284)
Div_Unit_Test:test_RevertWhen_ResultOverflowUD60x18_Function() (gas: 4111)
Div_Unit_Test:test_RevertWhen_ResultOverflowUD60x18_Operator() (gas: 4090)
Exp2_Unit_Test:test_Exp2() (gas: 1079640)
Exp2_Unit_Test:test_Exp2_Negative_GteMinPermitted() (gas: 786196)
Exp2_Unit_Test:test_Exp2_Negative_LtThreshold() (gas: 138836)
Exp2_Unit_Test:test_Exp2_Positive_LTePermittedMax() (gas: 1079313)
Exp2_Unit_Test:test_Exp2_Zero() (gas: 3944)
Exp2_Unit_Test:test_Exp2_Zero() (gas: 3947)
Exp2_Unit_Test:test_RevertWhen_GtMaxPermitted() (gas: 3747)
Exp2_Unit_Test:test_RevertWhen_Positive_GtMaxPermitted() (gas: 3812)
Exp_Unit_Test:test_Exp() (gas: 892960)
Exp_Unit_Test:test_Exp_Negative_GteMinPermitted() (gas: 798453)
Exp_Unit_Test:test_Exp_Negative_LtThreshold() (gas: 138677)
Exp_Unit_Test:test_Exp_Positive_LteMaxPermitted() (gas: 893149)
Exp_Unit_Test:test_Exp_Zero() (gas: 4038)
Exp_Unit_Test:test_Exp_Zero() (gas: 4051)
Exp_Unit_Test:test_RevertWhen_GtMaxPermitted() (gas: 3748)
Exp_Unit_Test:test_RevertWhen_Positive_GtMaxPermitted() (gas: 3813)
Floor_Unit_Test:test_Floor_Negative_GteMinPermitted() (gas: 463837)
Floor_Unit_Test:test_Floor_Positive() (gas: 520546)
Floor_Unit_Test:test_Floor_Positive() (gas: 522155)
Floor_Unit_Test:test_Floor_Zero() (gas: 3527)
Floor_Unit_Test:test_Floor_Zero() (gas: 3709)
Floor_Unit_Test:test_RevertWhen_Negative_LtMinPermitted() (gas: 3785)
Frac_Unit_Test:test_Frac() (gas: 480616)
Frac_Unit_Test:test_Frac() (gas: 481713)
Frac_Unit_Test:test_Frac_Negative() (gas: 481714)
Frac_Unit_Test:test_Frac_Zero() (gas: 3527)
Frac_Unit_Test:test_Frac_Zero() (gas: 3645)
Gm_Unit_Test:test_Gm() (gas: 1409883)
Gm_Unit_Test:test_Gm() (gas: 785147)
Gm_Unit_Test:test_Gm_OneOperandZero() (gas: 109685)
Gm_Unit_Test:test_Gm_OneOperandZero() (gas: 109708)
Gm_Unit_Test:test_RevertWhen_ProductNegative_A() (gas: 3881)
Gm_Unit_Test:test_RevertWhen_ProductNegative_B() (gas: 3871)
Gm_Unit_Test:test_RevertWhen_ProductOverflow_A() (gas: 3873)
Gm_Unit_Test:test_RevertWhen_ProductOverflow_B() (gas: 3996)
Gm_Unit_Test:test_RevertWhen_ProductOverflow_C() (gas: 4218)
Gm_Unit_Test:test_RevertWhen_ProductOverflow_D() (gas: 3839)
Gm_Unit_Test:test_RevertWhen_ProductOverflows() (gas: 4084)
Inv_Unit_Test:test_Inv() (gas: 775109)
Inv_Unit_Test:test_Inv_Negative() (gas: 796233)
Inv_Unit_Test:test_Inv_Positive() (gas: 776378)
Inv_Unit_Test:test_RevertWhen_Zero() (gas: 3544)
Inv_Unit_Test:test_RevertWhen_Zero() (gas: 3569)
Ln_Unit_Test:test_Ln() (gas: 1079182)
Ln_Unit_Test:test_Ln() (gas: 579310)
Ln_Unit_Test:test_RevertWhen_LtUnit() (gas: 3779)
Ln_Unit_Test:test_RevertWhen_Negative() (gas: 3649)
Ln_Unit_Test:test_RevertWhen_Zero() (gas: 3638)
Log10_Unit_Test:test_Log10_NotPowerOfTen() (gas: 1083283)
Log10_Unit_Test:test_Log10_NotPowerOfTen() (gas: 736588)
Log10_Unit_Test:test_Log10_PowerOfTen() (gas: 401141)
Log10_Unit_Test:test_Log10_PowerOfTen() (gas: 794702)
Log10_Unit_Test:test_RevertWhen_LtUnit() (gas: 3748)
Log10_Unit_Test:test_RevertWhen_Negative() (gas: 3621)
Log10_Unit_Test:test_RevertWhen_Zero() (gas: 5442)
Log2_Unit_Test:test_Log2_NotPowerOfTwo() (gas: 401518)
Log2_Unit_Test:test_Log2_NotPowerOfTwo() (gas: 957825)
Log2_Unit_Test:test_Log2_PowerOfTwo() (gas: 346566)
Log2_Unit_Test:test_Log2_PowerOfTwo() (gas: 543872)
Log2_Unit_Test:test_RevertWhen_LtUnit() (gas: 3725)
Log2_Unit_Test:test_RevertWhen_Negative() (gas: 3595)
Log2_Unit_Test:test_RevertWhen_Zero() (gas: 3628)
Mul_Unit_Test:test_Mul() (gas: 1247266)
Mul_Unit_Test:test_Mul_OneOperandZero() (gas: 112528)
Mul_Unit_Test:test_Mul_OneOperandZero() (gas: 175711)
Mul_Unit_Test:test_Mul_OperandsDifferentSign() (gas: 2277777)
Mul_Unit_Test:test_Mul_OperandsSameSign() (gas: 2277551)
Mul_Unit_Test:test_RevertWhen_OneOperandMinSD59x18_Function() (gas: 3177)
Mul_Unit_Test:test_RevertWhen_OneOperandMinSD59x18_Operator() (gas: 3167)
Mul_Unit_Test:test_RevertWhen_ResultOverflowSD59x18_A() (gas: 4269)
Mul_Unit_Test:test_RevertWhen_ResultOverflowSD59x18_B() (gas: 4304)
Mul_Unit_Test:test_RevertWhen_ResultOverflowUD60x18_Function() (gas: 4111)
Mul_Unit_Test:test_RevertWhen_ResultOverflowUD60x18_Operator() (gas: 4067)
Mul_Unit_Test:test_RevertWhen_ResultOverflowUint256() (gas: 359755)
Pow_Fuzz_Test:testFuzz_Pow_BaseUnit(int256) (runs: 256, μ: 3685, ~: 3685)
Pow_Fuzz_Test:testFuzz_Pow_BaseUnit(uint256) (runs: 256, μ: 3729, ~: 3729)
Pow_Fuzz_Test:testFuzz_Pow_BaseZero_ExponentNotZero(int256) (runs: 256, μ: 4078, ~: 4078)
Pow_Fuzz_Test:testFuzz_Pow_BaseZero_ExponentNotZero(uint256) (runs: 256, μ: 4056, ~: 4056)
Pow_Fuzz_Test:testFuzz_Pow_ExponentUnit(int256) (runs: 256, μ: 4183, ~: 4183)
Pow_Fuzz_Test:testFuzz_Pow_ExponentUnit(uint256) (runs: 256, μ: 4138, ~: 4138)
Pow_Fuzz_Test:testFuzz_Pow_ExponentZero(int256) (runs: 256, μ: 4114, ~: 4114)
Pow_Fuzz_Test:testFuzz_Pow_ExponentZero(uint256) (runs: 256, μ: 4115, ~: 4115)
Pow_Unit_Test:test_Pow_BaseGtUnit() (gas: 1011028)
Pow_Unit_Test:test_Pow_BaseLtUnit() (gas: 980962)
Pow_Unit_Test:test_Pow_BaseUnit() (gas: 3656)
Pow_Unit_Test:test_Pow_BaseUnit() (gas: 3656)
Pow_Unit_Test:test_Pow_BaseZero_ExponentNotZero() (gas: 3640)
Pow_Unit_Test:test_Pow_BaseZero_ExponentNotZero() (gas: 3640)
Pow_Unit_Test:test_Pow_BaseZero_ExponentZero() (gas: 3676)
Pow_Unit_Test:test_Pow_BaseZero_ExponentZero() (gas: 3676)
Pow_Unit_Test:test_Pow_ExponentUnit() (gas: 3722)
Pow_Unit_Test:test_Pow_ExponentUnit() (gas: 3722)
Pow_Unit_Test:test_Pow_ExponentZero() (gas: 3656)
Pow_Unit_Test:test_Pow_ExponentZero() (gas: 3656)
Pow_Unit_Test:test_Pow_NegativeExponent() (gas: 1439810)
Pow_Unit_Test:test_Pow_PositiveExponent() (gas: 1547506)
Powu_Unit_Test:test_Powu() (gas: 1203939)
Powu_Unit_Test:test_Powu_BaseAndExponentZero() (gas: 3632)
Powu_Unit_Test:test_Powu_BaseAndExponentZero() (gas: 3861)
Powu_Unit_Test:test_Powu_BaseZeroExponentNotZero() (gas: 139668)
Powu_Unit_Test:test_Powu_BaseZeroExponentNotZero() (gas: 157859)
Powu_Unit_Test:test_Powu_ExponentZero() (gas: 218580)
Powu_Unit_Test:test_Powu_ExponentZero() (gas: 367611)
Powu_Unit_Test:test_Powu_NegativeBase() (gas: 1209551)
Powu_Unit_Test:test_Powu_PositiveBase() (gas: 1207808)
Powu_Unit_Test:test_RevertWhen_ResultOverflowSD59x18() (gas: 4670)
Powu_Unit_Test:test_RevertWhen_ResultOverflowUint256() (gas: 4289)
Powu_Unit_Test:test_RevertWhen_ResultOverflowsUD60x18() (gas: 3915)
Powu_Unit_Test:test_RevertWhen_ResultUnderflowSD59x18() (gas: 4754)
SD59x18_Casting_Fuzz_Test:testFuzz_IntoInt256(int256) (runs: 256, μ: 3619, ~: 3619)
SD59x18_Casting_Fuzz_Test:testFuzz_IntoSD1x18(int256) (runs: 256, μ: 4989, ~: 4756)
SD59x18_Casting_Fuzz_Test:testFuzz_IntoSD21x18(int256) (runs: 256, μ: 4877, ~: 4712)
SD59x18_Casting_Fuzz_Test:testFuzz_IntoUD21x18(int256) (runs: 256, μ: 4913, ~: 5112)
SD59x18_Casting_Fuzz_Test:testFuzz_IntoUD2x18(int256) (runs: 256, μ: 4913, ~: 5183)
SD59x18_Casting_Fuzz_Test:testFuzz_IntoUD60x18(int256) (runs: 256, μ: 4690, ~: 4463)
SD59x18_Casting_Fuzz_Test:testFuzz_IntoUint128(int256) (runs: 256, μ: 4851, ~: 5050)
SD59x18_Casting_Fuzz_Test:testFuzz_IntoUint256(int256) (runs: 256, μ: 4695, ~: 4468)
SD59x18_Casting_Fuzz_Test:testFuzz_IntoUint40(int256) (runs: 256, μ: 4959, ~: 5210)
SD59x18_Casting_Fuzz_Test:testFuzz_RevertWhen_OverflowSD1x18(int256) (runs: 256, μ: 5182, ~: 5360)
SD59x18_Casting_Fuzz_Test:testFuzz_RevertWhen_OverflowSD21x18(int256) (runs: 256, μ: 5196, ~: 5326)
SD59x18_Casting_Fuzz_Test:testFuzz_RevertWhen_OverflowUD21x18(int256) (runs: 256, μ: 5273, ~: 5403)
SD59x18_Casting_Fuzz_Test:testFuzz_RevertWhen_OverflowUD2x18(int256) (runs: 256, μ: 5195, ~: 5371)
SD59x18_Casting_Fuzz_Test:testFuzz_RevertWhen_OverflowUint128(int256) (runs: 256, μ: 5251, ~: 5381)
SD59x18_Casting_Fuzz_Test:testFuzz_RevertWhen_OverflowUint40(int256) (runs: 256, μ: 5198, ~: 5392)
SD59x18_Casting_Fuzz_Test:testFuzz_RevertWhen_UnderflowSD1x18(int256) (runs: 256, μ: 5455, ~: 5580)
SD59x18_Casting_Fuzz_Test:testFuzz_RevertWhen_UnderflowSD21x18(int256) (runs: 256, μ: 5486, ~: 5589)
SD59x18_Casting_Fuzz_Test:testFuzz_RevertWhen_UnderflowUD21x18(int256) (runs: 256, μ: 5212, ~: 5406)
SD59x18_Casting_Fuzz_Test:testFuzz_RevertWhen_UnderflowUD2x18(int256) (runs: 256, μ: 5244, ~: 5438)
SD59x18_Casting_Fuzz_Test:testFuzz_RevertWhen_UnderflowUD60x18(int256) (runs: 256, μ: 5199, ~: 5393)
SD59x18_Casting_Fuzz_Test:testFuzz_RevertWhen_UnderflowUint128(int256) (runs: 256, μ: 5213, ~: 5407)
SD59x18_Casting_Fuzz_Test:testFuzz_RevertWhen_UnderflowUint256(int256) (runs: 256, μ: 5188, ~: 5382)
SD59x18_Casting_Fuzz_Test:testFuzz_RevertWhen_UnderflowUint40(int256) (runs: 256, μ: 5267, ~: 5461)
SD59x18_Casting_Fuzz_Test:testFuzz_Sd(int256) (runs: 256, μ: 3638, ~: 3638)
SD59x18_Casting_Fuzz_Test:testFuzz_Unwrap(int256) (runs: 256, μ: 3575, ~: 3575)
SD59x18_Casting_Fuzz_Test:testFuzz_Wrap(int256) (runs: 256, μ: 3659, ~: 3659)
SD59x18_Casting_Fuzz_Test:testFuzz_sd59x18(int256) (runs: 256, μ: 3637, ~: 3637)
SD59x18_Helpers_Fuzz_Test:testFuzz_Add(int256,int256) (runs: 256, μ: 7275, ~: 7222)
SD59x18_Helpers_Fuzz_Test:testFuzz_And(int256,int256) (runs: 256, μ: 4566, ~: 4566)
SD59x18_Helpers_Fuzz_Test:testFuzz_Eq(int256) (runs: 256, μ: 4315, ~: 4315)
SD59x18_Helpers_Fuzz_Test:testFuzz_Gt(int256,int256) (runs: 256, μ: 4666, ~: 4666)
SD59x18_Helpers_Fuzz_Test:testFuzz_Gte(int256,int256) (runs: 256, μ: 4732, ~: 4732)
SD59x18_Helpers_Fuzz_Test:testFuzz_IsZero(int256) (runs: 256, μ: 3587, ~: 3587)
SD59x18_Helpers_Fuzz_Test:testFuzz_Lshift(int256,uint256) (runs: 256, μ: 4465, ~: 4541)
SD59x18_Helpers_Fuzz_Test:testFuzz_Lt(int256,int256) (runs: 256, μ: 4664, ~: 4664)
SD59x18_Helpers_Fuzz_Test:testFuzz_Lte(int256,int256) (runs: 256, μ: 4701, ~: 4701)
SD59x18_Helpers_Fuzz_Test:testFuzz_Mod(int256,int256) (runs: 256, μ: 5123, ~: 5123)
SD59x18_Helpers_Fuzz_Test:testFuzz_Neq(int256,int256) (runs: 256, μ: 4722, ~: 4722)
SD59x18_Helpers_Fuzz_Test:testFuzz_Not(int256) (runs: 256, μ: 4523, ~: 4523)
SD59x18_Helpers_Fuzz_Test:testFuzz_Or(int256,int256) (runs: 256, μ: 4558, ~: 4558)
SD59x18_Helpers_Fuzz_Test:testFuzz_Rshift(int256,uint256) (runs: 256, μ: 4445, ~: 4521)
SD59x18_Helpers_Fuzz_Test:testFuzz_Sub(int256,int256) (runs: 256, μ: 7226, ~: 7173)
SD59x18_Helpers_Fuzz_Test:testFuzz_Unary(int256) (runs: 256, μ: 5676, ~: 5633)
SD59x18_Helpers_Fuzz_Test:testFuzz_UncheckedAdd(int256,int256) (runs: 256, μ: 3740, ~: 3740)
SD59x18_Helpers_Fuzz_Test:testFuzz_UncheckedSub(int256,int256) (runs: 256, μ: 3718, ~: 3718)
SD59x18_Helpers_Fuzz_Test:testFuzz_Xor(int256,int256) (runs: 256, μ: 4580, ~: 4580)
Sqrt_Unit_Test:test_RevertWhen_GtMaxPermitted() (gas: 3725)
Sqrt_Unit_Test:test_RevertWhen_GtMaxPermitted() (gas: 3929)
Sqrt_Unit_Test:test_RevertWhen_Negative() (gas: 3611)
Sqrt_Unit_Test:test_Sqrt() (gas: 811962)
Sqrt_Unit_Test:test_Sqrt() (gas: 813694)
Sqrt_Unit_Test:test_Sqrt_Zero() (gas: 4024)
Sqrt_Unit_Test:test_Sqrt_Zero() (gas: 4142)
UD21x18_Casting_Fuzz_Test:testFuzz_IntoSD59x18(uint128) (runs: 256, μ: 3703, ~: 3703)
UD21x18_Casting_Fuzz_Test:testFuzz_IntoUD60x18(uint128) (runs: 256, μ: 3659, ~: 3659)
UD21x18_Casting_Fuzz_Test:testFuzz_IntoUint256(uint128) (runs: 256, μ: 3621, ~: 3621)
UD21x18_Casting_Fuzz_Test:testFuzz_IntoUint40(uint128) (runs: 256, μ: 4217, ~: 3940)
UD21x18_Casting_Fuzz_Test:testFuzz_RevertWhen_OverflowUint40(uint128) (runs: 256, μ: 4487, ~: 4797)
UD21x18_Casting_Fuzz_Test:testFuzz_Unwrap(uint128) (runs: 256, μ: 3619, ~: 3619)
UD21x18_Casting_Fuzz_Test:testFuzz_Wrap(uint128) (runs: 256, μ: 3687, ~: 3687)
UD21x18_Casting_Fuzz_Test:testFuzz_intoUint128(uint128) (runs: 256, μ: 3642, ~: 3642)
UD21x18_Casting_Fuzz_Test:testFuzz_ud21x18(uint128) (runs: 256, μ: 3708, ~: 3708)
UD2x18_Casting_Fuzz_Test:testFuzz_IntoSD59x18(uint64) (runs: 256, μ: 3681, ~: 3681)
UD2x18_Casting_Fuzz_Test:testFuzz_IntoUD60x18(uint64) (runs: 256, μ: 3659, ~: 3659)
UD2x18_Casting_Fuzz_Test:testFuzz_IntoUint128(uint64) (runs: 256, μ: 3642, ~: 3642)
UD2x18_Casting_Fuzz_Test:testFuzz_IntoUint256(uint64) (runs: 256, μ: 3663, ~: 3663)
UD2x18_Casting_Fuzz_Test:testFuzz_IntoUint40(uint64) (runs: 256, μ: 4122, ~: 3961)
UD2x18_Casting_Fuzz_Test:testFuzz_RevertWhen_OverflowUint40(uint64) (runs: 256, μ: 4577, ~: 4776)
UD2x18_Casting_Fuzz_Test:testFuzz_Unwrap(uint64) (runs: 256, μ: 3664, ~: 3664)
UD2x18_Casting_Fuzz_Test:testFuzz_Wrap(uint64) (runs: 256, μ: 3654, ~: 3654)
UD2x18_Casting_Fuzz_Test:testFuzz_ud2x18(uint64) (runs: 256, μ: 3698, ~: 3698)
UD60x18_Casting_Fuzz_Test:testFuzz_RevertWhen_OverflowSD1x18(uint256) (runs: 256, μ: 4400, ~: 4719)
UD60x18_Casting_Fuzz_Test:testFuzz_RevertWhen_OverflowSD21x18(uint256) (runs: 256, μ: 4464, ~: 4696)
UD60x18_Casting_Fuzz_Test:testFuzz_RevertWhen_OverflowSD59x18(uint256) (runs: 256, μ: 4665, ~: 4699)
UD60x18_Casting_Fuzz_Test:testFuzz_RevertWhen_OverflowUD2x18(uint256) (runs: 256, μ: 4363, ~: 4677)
UD60x18_Casting_Fuzz_Test:testFuzz_RevertWhen_OverflowUint128(uint256) (runs: 256, μ: 4484, ~: 4710)
UD60x18_Casting_Fuzz_Test:testFuzz_RevertWhen_OverflowUint40(uint256) (runs: 256, μ: 4328, ~: 4016)
UD60x18_Casting_Fuzz_Test:testFuzz_UD60x18(uint256) (runs: 256, μ: 3613, ~: 3613)
UD60x18_Casting_Fuzz_Test:testFuzz_Ud(uint256) (runs: 256, μ: 3634, ~: 3634)
UD60x18_Casting_Fuzz_Test:testFuzz_Unwrap(uint256) (runs: 256, μ: 3617, ~: 3617)
UD60x18_Casting_Fuzz_Test:testFuzz_Wrap(uint256) (runs: 256, μ: 3633, ~: 3633)
UD60x18_Casting_Fuzz_Test:testFuzz_intoSD1x18(uint256) (runs: 256, μ: 4202, ~: 3900)
UD60x18_Casting_Fuzz_Test:testFuzz_intoSD21x18(uint256) (runs: 256, μ: 4136, ~: 3923)
UD60x18_Casting_Fuzz_Test:testFuzz_intoSD59x18(uint256) (runs: 256, μ: 3946, ~: 3927)
UD60x18_Casting_Fuzz_Test:testFuzz_intoUD21x18(uint256) (runs: 256, μ: 4105, ~: 3897)
UD60x18_Casting_Fuzz_Test:testFuzz_intoUD2x18(uint256) (runs: 256, μ: 4192, ~: 3896)
UD60x18_Casting_Fuzz_Test:testFuzz_intoUint128(uint256) (runs: 256, μ: 4089, ~: 3881)
UD60x18_Casting_Fuzz_Test:testFuzz_intoUint256(uint256) (runs: 256, μ: 3573, ~: 3573)
UD60x18_Casting_Fuzz_Test:testFuzz_intoUint40(uint256) (runs: 256, μ: 4232, ~: 4448)
UD60x18_Helpers_Fuzz_Test:testFuzz_Add(uint256,uint256) (runs: 256, μ: 5397, ~: 5331)
UD60x18_Helpers_Fuzz_Test:testFuzz_And(uint256,uint256) (runs: 256, μ: 4543, ~: 4543)
UD60x18_Helpers_Fuzz_Test:testFuzz_Eq(uint256) (runs: 256, μ: 4294, ~: 4294)
UD60x18_Helpers_Fuzz_Test:testFuzz_Gt(uint256,uint256) (runs: 256, μ: 4686, ~: 4686)
UD60x18_Helpers_Fuzz_Test:testFuzz_Gte(uint256,uint256) (runs: 256, μ: 4701, ~: 4701)
UD60x18_Helpers_Fuzz_Test:testFuzz_IsZero(uint256) (runs: 256, μ: 3632, ~: 3632)
UD60x18_Helpers_Fuzz_Test:testFuzz_Lshift(uint256,uint256) (runs: 256, μ: 4050, ~: 4050)
UD60x18_Helpers_Fuzz_Test:testFuzz_Lt(uint256,uint256) (runs: 256, μ: 4664, ~: 4664)
UD60x18_Helpers_Fuzz_Test:testFuzz_Lte(uint256,uint256) (runs: 256, μ: 4744, ~: 4744)
UD60x18_Helpers_Fuzz_Test:testFuzz_Mod(uint256,uint256) (runs: 256, μ: 5102, ~: 5102)
UD60x18_Helpers_Fuzz_Test:testFuzz_Neq(uint256,uint256) (runs: 256, μ: 4743, ~: 4743)
UD60x18_Helpers_Fuzz_Test:testFuzz_Not(uint256) (runs: 256, μ: 4501, ~: 4501)
UD60x18_Helpers_Fuzz_Test:testFuzz_Or(uint256,uint256) (runs: 256, μ: 4579, ~: 4579)
UD60x18_Helpers_Fuzz_Test:testFuzz_Rshift(uint256,uint256) (runs: 256, μ: 4028, ~: 4028)
UD60x18_Helpers_Fuzz_Test:testFuzz_Sub(uint256,uint256) (runs: 256, μ: 5132, ~: 5132)
UD60x18_Helpers_Fuzz_Test:testFuzz_UncheckedAdd(uint256,uint256) (runs: 256, μ: 3740, ~: 3740)
UD60x18_Helpers_Fuzz_Test:testFuzz_UncheckedSub(uint256,uint256) (runs: 256, μ: 3716, ~: 3716)
UD60x18_Helpers_Fuzz_Test:testFuzz_Xor(uint256,uint256) (runs: 256, μ: 4557, ~: 4557)